<?xml version="1.0" encoding="UTF-8"?>
<testsuite xmlns:xsi="http://www.w3.org/2001/XMLSchema-instance" xsi:noNamespaceSchemaLocation="https://maven.apache.org/surefire/maven-surefire-plugin/xsd/surefire-test-report.xsd" name="VendingMachineTest" time="0.204" tests="28" errors="0" skipped="0" failures="0">
  <properties>
    <property name="java.specification.version" value="17"/>
    <property name="sun.cpu.isalist" value="amd64"/>
    <property name="sun.jnu.encoding" value="Cp1251"/>
    <property name="java.class.path" value="C:\Users\Administrator\шарага\3 курс\testing\hw5\target\test-classes;C:\Users\Administrator\шарага\3 курс\testing\hw5\target\classes;C:\Users\Administrator\.m2\repository\junit\junit\4.13.2\junit-4.13.2.jar;C:\Users\Administrator\.m2\repository\org\hamcrest\hamcrest-core\1.3\hamcrest-core-1.3.jar;C:\Users\Administrator\.m2\repository\org\junit\jupiter\junit-jupiter\5.9.1\junit-jupiter-5.9.1.jar;C:\Users\Administrator\.m2\repository\org\junit\jupiter\junit-jupiter-api\5.9.1\junit-jupiter-api-5.9.1.jar;C:\Users\Administrator\.m2\repository\org\opentest4j\opentest4j\1.2.0\opentest4j-1.2.0.jar;C:\Users\Administrator\.m2\repository\org\junit\platform\junit-platform-commons\1.9.1\junit-platform-commons-1.9.1.jar;C:\Users\Administrator\.m2\repository\org\apiguardian\apiguardian-api\1.1.2\apiguardian-api-1.1.2.jar;C:\Users\Administrator\.m2\repository\org\junit\jupiter\junit-jupiter-params\5.9.1\junit-jupiter-params-5.9.1.jar;C:\Users\Administrator\.m2\repository\org\junit\jupiter\junit-jupiter-engine\5.9.1\junit-jupiter-engine-5.9.1.jar;C:\Users\Administrator\.m2\repository\org\junit\platform\junit-platform-engine\1.9.1\junit-platform-engine-1.9.1.jar;"/>
    <property name="java.vm.vendor" value="Oracle Corporation"/>
    <property name="sun.arch.data.model" value="64"/>
    <property name="user.variant" value=""/>
    <property name="java.vendor.url" value="https://java.oracle.com/"/>
    <property name="user.timezone" value="Europe/Moscow"/>
    <property name="os.name" value="Windows 10"/>
    <property name="java.vm.specification.version" value="17"/>
    <property name="sun.java.launcher" value="SUN_STANDARD"/>
    <property name="user.country" value="RU"/>
    <property name="sun.boot.library.path" value="C:\Program Files\Java\jdk-17\bin"/>
    <property name="sun.java.command" value="C:\Users\ADMINI~1\AppData\Local\Temp\surefire6900223149402790260\surefirebooter296340516723161415.jar C:\Users\Administrator\AppData\Local\Temp\surefire6900223149402790260 2022-10-18T17-18-12_289-jvmRun1 surefire15277686507541132910tmp surefire_014881660375680565136tmp"/>
    <property name="jdk.debug" value="release"/>
    <property name="surefire.test.class.path" value="C:\Users\Administrator\шарага\3 курс\testing\hw5\target\test-classes;C:\Users\Administrator\шарага\3 курс\testing\hw5\target\classes;C:\Users\Administrator\.m2\repository\junit\junit\4.13.2\junit-4.13.2.jar;C:\Users\Administrator\.m2\repository\org\hamcrest\hamcrest-core\1.3\hamcrest-core-1.3.jar;C:\Users\Administrator\.m2\repository\org\junit\jupiter\junit-jupiter\5.9.1\junit-jupiter-5.9.1.jar;C:\Users\Administrator\.m2\repository\org\junit\jupiter\junit-jupiter-api\5.9.1\junit-jupiter-api-5.9.1.jar;C:\Users\Administrator\.m2\repository\org\opentest4j\opentest4j\1.2.0\opentest4j-1.2.0.jar;C:\Users\Administrator\.m2\repository\org\junit\platform\junit-platform-commons\1.9.1\junit-platform-commons-1.9.1.jar;C:\Users\Administrator\.m2\repository\org\apiguardian\apiguardian-api\1.1.2\apiguardian-api-1.1.2.jar;C:\Users\Administrator\.m2\repository\org\junit\jupiter\junit-jupiter-params\5.9.1\junit-jupiter-params-5.9.1.jar;C:\Users\Administrator\.m2\repository\org\junit\jupiter\junit-jupiter-engine\5.9.1\junit-jupiter-engine-5.9.1.jar;C:\Users\Administrator\.m2\repository\org\junit\platform\junit-platform-engine\1.9.1\junit-platform-engine-1.9.1.jar;"/>
    <property name="sun.cpu.endian" value="little"/>
    <property name="user.home" value="C:\Users\Administrator"/>
    <property name="user.language" value="ru"/>
    <property name="java.specification.vendor" value="Oracle Corporation"/>
    <property name="java.version.date" value="2021-09-14"/>
    <property name="java.home" value="C:\Program Files\Java\jdk-17"/>
    <property name="file.separator" value="\"/>
    <property name="basedir" value="C:\Users\Administrator\шарага\3 курс\testing\hw5"/>
    <property name="java.vm.compressedOopsMode" value="32-bit"/>
    <property name="line.separator" value="&#10;"/>
    <property name="java.vm.specification.vendor" value="Oracle Corporation"/>
    <property name="java.specification.name" value="Java Platform API Specification"/>
    <property name="surefire.real.class.path" value="C:\Users\ADMINI~1\AppData\Local\Temp\surefire6900223149402790260\surefirebooter296340516723161415.jar"/>
    <property name="user.script" value=""/>
    <property name="sun.management.compiler" value="HotSpot 64-Bit Tiered Compilers"/>
    <property name="java.runtime.version" value="17+35-LTS-2724"/>
    <property name="user.name" value="rhy"/>
    <property name="path.separator" value=";"/>
    <property name="os.version" value="10.0"/>
    <property name="java.runtime.name" value="Java(TM) SE Runtime Environment"/>
    <property name="file.encoding" value="Cp1251"/>
    <property name="java.vm.name" value="Java HotSpot(TM) 64-Bit Server VM"/>
    <property name="localRepository" value="C:\Users\Administrator\.m2\repository"/>
    <property name="java.vendor.url.bug" value="https://bugreport.java.com/bugreport/"/>
    <property name="java.io.tmpdir" value="C:\Users\ADMINI~1\AppData\Local\Temp\"/>
    <property name="idea.version" value="2022.2.3"/>
    <property name="java.version" value="17"/>
    <property name="user.dir" value="C:\Users\Administrator\шарага\3 курс\testing\hw5"/>
    <property name="os.arch" value="amd64"/>
    <property name="java.vm.specification.name" value="Java Virtual Machine Specification"/>
    <property name="sun.os.patch.level" value=""/>
    <property name="native.encoding" value="Cp1251"/>
    <property name="java.library.path" value="C:\Program Files\Java\jdk-17\bin;C:\WINDOWS\Sun\Java\bin;C:\WINDOWS\system32;C:\WINDOWS;C:\Program Files\Common Files\Oracle\Java\javapath;C:\WINDOWS\system32;C:\WINDOWS;C:\WINDOWS\System32\Wbem;C:\WINDOWS\System32\WindowsPowerShell\v1.0\;C:\WINDOWS\System32\OpenSSH\;C:\Program Files\dotnet\;C:\Program Files\MiKTeX\miktex\bin\x64\;C:\Program Files\Git\cmd;C:\Program Files\MATLAB\R2021b\bin;C:\Users\Администратор\AppData\Local\Programs\Python\Python38\Scripts\;C:\Users\Администратор\AppData\Local\Programs\Python\Python38\;C:\Users\Administrator\AppData\Local\Microsoft\WindowsApps;C:\Users\Administrator\.dotnet\tools;;C:\Program Files\JetBrains\IntelliJ IDEA 2022.2.3\bin;;C:\Program Files\JetBrains\PyCharm 2021.2.2\bin;;C:\Program Files\JetBrains\CLion 2021.2.2\bin;;."/>
    <property name="java.vm.info" value="mixed mode, sharing"/>
    <property name="java.vendor" value="Oracle Corporation"/>
    <property name="java.vm.version" value="17+35-LTS-2724"/>
    <property name="sun.io.unicode.encoding" value="UnicodeLittle"/>
    <property name="java.class.version" value="61.0"/>
  </properties>
  <testcase name="givingProductNoMoneyOrTooBigChange" classname="VendingMachineTest" time="0.096"/>
  <testcase name="checkSettingNewPrices" classname="VendingMachineTest" time="0.001"/>
  <testcase name="checkGivingProduct2Exceptions" classname="VendingMachineTest" time="0.001"/>
  <testcase name="returnMoneyFirstAndSecondType" classname="VendingMachineTest" time="0.024"/>
  <testcase name="checkPuttingCoin1" classname="VendingMachineTest" time="0"/>
  <testcase name="checkPuttingCoin2" classname="VendingMachineTest" time="0"/>
  <testcase name="returningMoney" classname="VendingMachineTest" time="0"/>
  <testcase name="checkFillingFullProducts" classname="VendingMachineTest" time="0"/>
  <testcase name="checkAndExitEnteringTestMode" classname="VendingMachineTest" time="0"/>
  <testcase name="checkingReturningMoney" classname="VendingMachineTest" time="0"/>
  <testcase name="givingProduct1LackOfMoney" classname="VendingMachineTest" time="0.003"/>
  <testcase name="givingProduct2LackOfMoney" classname="VendingMachineTest" time="0"/>
  <testcase name="ridOfAllMoneyNotOnlySecondProduct1" classname="VendingMachineTest" time="0"/>
  <testcase name="ridOfAllMoneyNotOnlySecondProduct2" classname="VendingMachineTest" time="0"/>
  <testcase name="checkGivingProduct1Exceptions" classname="VendingMachineTest" time="0"/>
  <testcase name="checkGettingNumberOfProduct1" classname="VendingMachineTest" time="0.002"/>
  <testcase name="checkGettingNumberOfProduct2" classname="VendingMachineTest" time="0"/>
  <testcase name="givingProduct2NoMoneyOrTooBigChange" classname="VendingMachineTest" time="0"/>
  <testcase name="CheckGettingCurrentSum" classname="VendingMachineTest" time="0"/>
  <testcase name="checkMode" classname="VendingMachineTest" time="0.001"/>
  <testcase name="checkFillingCoins" classname="VendingMachineTest" time="0"/>
  <testcase name="checkPrice1" classname="VendingMachineTest" time="0.007"/>
  <testcase name="checkPrice2" classname="VendingMachineTest" time="0"/>
  <testcase name="checkCurrentBalance" classname="VendingMachineTest" time="0"/>
  <testcase name="givingProduct2OddEvenReturn" classname="VendingMachineTest" time="0"/>
  <testcase name="givingProduct1OddEvenReturn" classname="VendingMachineTest" time="0"/>
  <testcase name="checkGettingCoins1" classname="VendingMachineTest" time="0"/>
  <testcase name="checkGettingCoins2" classname="VendingMachineTest" time="0"/>
</testsuite>